<?xml version="1.0" encoding="UTF-8"?>
<testng-results skipped="0" failed="0" total="1" passed="1">
  <reporter-output>
  </reporter-output>
  <suite name="Suite" duration-ms="33002" started-at="2016-02-15T14:23:50Z" finished-at="2016-02-15T14:24:23Z">
    <groups>
    </groups>
    <test name="Test" duration-ms="33002" started-at="2016-02-15T14:23:50Z" finished-at="2016-02-15T14:24:23Z">
      <class name="regression.AjaxDemo">
        <test-method status="PASS" signature="testAjax()[pri:0, instance:regression.AjaxDemo@8d7ddd]" name="testAjax" duration-ms="32987" started-at="2016-02-15T19:53:50Z" finished-at="2016-02-15T19:54:23Z">
          <reporter-output>
          </reporter-output>
        </test-method> <!-- testAjax -->
      </class> <!-- regression.AjaxDemo -->
    </test> <!-- Test -->
  </suite> <!-- Suite -->
</testng-results>
