<?xml version="1.0" encoding="UTF-8"?>
<testng-results skipped="0" failed="0" total="1" passed="1">
  <reporter-output>
  </reporter-output>
  <suite name="Suite" duration-ms="91725" started-at="2016-03-04T08:06:58Z" finished-at="2016-03-04T08:08:30Z">
    <groups>
    </groups>
    <test name="Test" duration-ms="91725" started-at="2016-03-04T08:06:58Z" finished-at="2016-03-04T08:08:30Z">
      <class name="regression.AjaxDemo">
        <test-method status="PASS" signature="testAjax()[pri:0, instance:regression.AjaxDemo@1a82499]" name="testAjax" duration-ms="91635" started-at="2016-03-04T13:36:58Z" finished-at="2016-03-04T13:38:30Z">
          <reporter-output>
          </reporter-output>
        </test-method> <!-- testAjax -->
      </class> <!-- regression.AjaxDemo -->
    </test> <!-- Test -->
  </suite> <!-- Suite -->
</testng-results>
